[debug] [2021-08-22T15:14:14.524Z] ----------------------------------------------------------------------
[debug] [2021-08-22T15:14:14.526Z] Command:       C:\Program Files (x86)\nodejs\node.exe C:\Users\MT - 83\AppData\Roaming\npm\node_modules\firebase-tools\lib\bin\firebase.js init
[debug] [2021-08-22T15:14:14.526Z] CLI Version:   9.16.5
[debug] [2021-08-22T15:14:14.526Z] Platform:      win32
[debug] [2021-08-22T15:14:14.526Z] Node Version:  v14.17.0
[debug] [2021-08-22T15:14:14.527Z] Time:          Sun Aug 22 2021 20:14:14 GMT+0500 (Pakistan Standard Time)
[debug] [2021-08-22T15:14:14.527Z] ----------------------------------------------------------------------
[debug] 
[debug] [2021-08-22T15:14:14.533Z] > command requires scopes: ["email","openid","https://www.googleapis.com/auth/cloudplatformprojects.readonly","https://www.googleapis.com/auth/firebase","https://www.googleapis.com/auth/cloud-platform"]
[debug] [2021-08-22T15:14:14.534Z] > authorizing via signed-in user (shiekhmuzammil35@gmail.com)
[info] 
     ######## #### ########  ######## ########     ###     ######  ########
     ##        ##  ##     ## ##       ##     ##  ##   ##  ##       ##
     ######    ##  ########  ######   ########  #########  ######  ######
     ##        ##  ##    ##  ##       ##     ## ##     ##       ## ##
     ##       #### ##     ## ######## ########  ##     ##  ######  ########

You're about to initialize a Firebase project in this directory:

  C:\finalhackathon

Before we get started, keep in mind:

  * You are currently outside your home directory

[debug] [2021-08-22T15:15:36.275Z] ----------------------------------------------------------------------
[debug] [2021-08-22T15:15:36.276Z] Command:       C:\Program Files (x86)\nodejs\node.exe C:\Users\MT - 83\AppData\Roaming\npm\node_modules\firebase-tools\lib\bin\firebase.js init
[debug] [2021-08-22T15:15:36.277Z] CLI Version:   9.16.5
[debug] [2021-08-22T15:15:36.277Z] Platform:      win32
[debug] [2021-08-22T15:15:36.277Z] Node Version:  v14.17.0
[debug] [2021-08-22T15:15:36.278Z] Time:          Sun Aug 22 2021 20:15:36 GMT+0500 (Pakistan Standard Time)
[debug] [2021-08-22T15:15:36.278Z] ----------------------------------------------------------------------
[debug] 
[debug] [2021-08-22T15:15:36.284Z] > command requires scopes: ["email","openid","https://www.googleapis.com/auth/cloudplatformprojects.readonly","https://www.googleapis.com/auth/firebase","https://www.googleapis.com/auth/cloud-platform"]
[debug] [2021-08-22T15:15:36.284Z] > authorizing via signed-in user (shiekhmuzammil35@gmail.com)
[info] 
     ######## #### ########  ######## ########     ###     ######  ########
     ##        ##  ##     ## ##       ##     ##  ##   ##  ##       ##
     ######    ##  ########  ######   ########  #########  ######  ######
     ##        ##  ##    ##  ##       ##     ## ##     ##       ## ##
     ##       #### ##     ## ######## ########  ##     ##  ######  ########

You're about to initialize a Firebase project in this directory:

  C:\finalhackathon

Before we get started, keep in mind:

  * You are currently outside your home directory

[info] 
=== Project Setup
[info] 
[info] First, let's associate this project directory with a Firebase project.
[info] You can create multiple project aliases by running firebase use --add, 
[info] but for now we'll just set up a default project.
[info] 
[debug] [2021-08-22T15:16:02.335Z] >>> [apiv2][query] GET https://firebase.googleapis.com/v1beta1/projects pageSize=100
[debug] [2021-08-22T15:16:03.175Z] <<< [apiv2][status] GET https://firebase.googleapis.com/v1beta1/projects 200
[debug] [2021-08-22T15:16:03.175Z] <<< [apiv2][body] GET https://firebase.googleapis.com/v1beta1/projects [omitted]
[info] i  Using project hackathonprojectbymuzi (HackathonProjectByMuzi) 
[info] 
=== Hosting Setup
[info] 
[info] Your public directory is the folder (relative to your project directory) that
[info] will contain Hosting assets to be uploaded with firebase deploy. If you
[info] have a build process for your assets, use your build's output directory.
[info] 
